Arguments: 
  /home/shell/.nvm/versions/node/v16.13.2/bin/node /home/shell/.nvm/versions/node/v16.13.2/bin/yarn add ethers-polygongastracker https://github.com/kungfuflex/ethers-gasnow

PATH: 
  /home/shell/.nvm/versions/node/v16.13.2/bin:/home/shell/.cargo/bin:/usr/local/sbin:/usr/local/bin:/usr/sbin:/usr/bin:/sbin:/bin:/usr/games:/usr/local/games:/snap/bin

Yarn version: 
  1.22.17

Node version: 
  16.13.2

Platform: 
  linux x64

Trace: 
  Error: https://registry.yarnpkg.com/ethers-polygongastracker: Not found
      at Request.params.callback [as _callback] (/home/shell/.nvm/versions/node/v16.13.2/lib/node_modules/yarn/lib/cli.js:67029:18)
      at Request.self.callback (/home/shell/.nvm/versions/node/v16.13.2/lib/node_modules/yarn/lib/cli.js:140883:22)
      at Request.emit (node:events:390:28)
      at Request.<anonymous> (/home/shell/.nvm/versions/node/v16.13.2/lib/node_modules/yarn/lib/cli.js:141855:10)
      at Request.emit (node:events:390:28)
      at IncomingMessage.<anonymous> (/home/shell/.nvm/versions/node/v16.13.2/lib/node_modules/yarn/lib/cli.js:141777:12)
      at Object.onceWrapper (node:events:509:28)
      at IncomingMessage.emit (node:events:402:35)
      at endReadableNT (node:internal/streams/readable:1343:12)
      at processTicksAndRejections (node:internal/process/task_queues:83:21)

npm manifest: 
  {
    "name": "dispatcher",
    "version": "0.1.0",
    "description": "dispatcher",
    "main": "lib/dispatcher.js",
    "repository": "https://github.com/zerodao-finance/zero-keeper",
    "author": "zeroDAO",
    "license": "MIT",
    "private": false
  }

yarn manifest: 
  No manifest

Lockfile: 
  No lockfile
